Base path: D:/Program Files (x86)/Unity/Editor/Data
Pipe name: \\.\pipe\UnityShaderCompiler-1-3592
Cmd: getPlatforms
Cmd: compileSnippet
  api=7 type=0 insize=898 outsize=463 kw= ok=1
Cmd: compileSnippet
  api=7 type=1 insize=898 outsize=224 kw= ok=1
Cmd: compileSnippet
  api=7 type=0 insize=1770 outsize=1172 kw= ok=1
Cmd: compileSnippet
  api=7 type=0 insize=1381 outsize=670 kw= ok=1
Cmd: compileSnippet
  api=7 type=1 insize=1381 outsize=1702 kw= ok=1
Cmd: compileSnippet
  api=7 type=0 insize=2154 outsize=1800 kw= ok=1
Cmd: compileSnippet
  api=7 type=1 insize=2154 outsize=1761 kw= ok=1
Cmd: compileSnippet
  api=7 type=0 insize=1788 outsize=1172 kw= ok=1
Cmd: compileSnippet
  api=7 type=0 insize=2219 outsize=1800 kw= ok=1
Cmd: compileSnippet
  api=7 type=1 insize=2219 outsize=1687 kw= ok=1
Cmd: compileSnippet
  api=7 type=0 insize=1852 outsize=1172 kw= ok=1
Cmd: compileSnippet
  api=7 type=1 insize=1852 outsize=1270 kw= ok=1
Cmd: compileSnippet
  api=7 type=0 insize=924 outsize=463 kw= ok=1
Cmd: compileSnippet
  api=7 type=1 insize=924 outsize=292 kw= ok=1
Cmd: compileSnippet
  api=7 type=0 insize=2137 outsize=1800 kw= ok=1
Cmd: compileSnippet
  api=7 type=1 insize=2137 outsize=1760 kw= ok=1
Cmd: compileSnippet
  api=7 type=0 insize=1329 outsize=670 kw= ok=1
Cmd: compileSnippet
  api=7 type=1 insize=1329 outsize=720 kw= ok=1
Cmd: compileSnippet
  api=7 type=0 insize=1252 outsize=670 kw= ok=1
Cmd: compileSnippet
  api=7 type=1 insize=1252 outsize=794 kw= ok=1
Cmd: compileSnippet
  api=7 type=1 insize=1237 outsize=724 kw= ok=1
Cmd: compileSnippet
  api=7 type=0 insize=2284 outsize=1800 kw= ok=1
Cmd: compileSnippet
  api=7 type=1 insize=2284 outsize=2738 kw= ok=1
Cmd: compileSnippet
  api=7 type=0 insize=882 outsize=463 kw= ok=1
Cmd: compileSnippet
  api=7 type=1 insize=882 outsize=224 kw= ok=1
Cmd: compileSnippet
  api=7 type=0 insize=1051 outsize=463 kw= ok=1
Cmd: compileSnippet
  api=7 type=1 insize=1051 outsize=1221 kw= ok=1
Cmd: compileSnippet
  api=7 type=0 insize=1917 outsize=1172 kw= ok=1
Cmd: compileSnippet
  api=7 type=1 insize=1917 outsize=2321 kw= ok=1
Cmd: compileSnippet
  api=0 type=0 insize=898 outsize=360 kw= ok=1
Cmd: compileSnippet
  api=0 type=1 insize=898 outsize=143 kw= ok=1
Cmd: compileSnippet
  api=0 type=1 insize=1770 outsize=471 kw= ok=1
Cmd: compileSnippet
  api=0 type=1 insize=1381 outsize=585 kw= ok=1
Cmd: compileSnippet
  api=0 type=0 insize=2154 outsize=862 kw= ok=1
Cmd: compileSnippet
  api=0 type=1 insize=2154 outsize=623 kw= ok=1
Cmd: compileSnippet
  api=0 type=0 insize=1788 outsize=660 kw= ok=1
Cmd: compileSnippet
  api=8 type=1 insize=1788 outsize=2064 kw= ok=1
Cmd: compileSnippet
  api=0 type=0 insize=2219 outsize=862 kw= ok=1
Cmd: compileSnippet
  api=0 type=1 insize=2219 outsize=568 kw= ok=1
Cmd: compileSnippet
  api=0 type=0 insize=1852 outsize=660 kw= ok=1
Cmd: compileSnippet
  api=0 type=1 insize=1852 outsize=443 kw= ok=1
Cmd: compileSnippet
  api=0 type=0 insize=924 outsize=360 kw= ok=1
Cmd: compileSnippet
  api=0 type=1 insize=924 outsize=193 kw= ok=1
Cmd: compileSnippet
  api=0 type=0 insize=2137 outsize=863 kw= ok=1
Cmd: compileSnippet
  api=0 type=1 insize=2137 outsize=596 kw= ok=1
Cmd: compileSnippet
  api=0 type=0 insize=1329 outsize=441 kw= ok=1
Cmd: compileSnippet
  api=0 type=1 insize=1329 outsize=316 kw= ok=1
Cmd: compileSnippet
  api=0 type=0 insize=1252 outsize=441 kw= ok=1
Cmd: compileSnippet
  api=0 type=1 insize=1252 outsize=365 kw= ok=1
Cmd: compileSnippet
  api=0 type=0 insize=1237 outsize=441 kw= ok=1
Cmd: compileSnippet
  api=0 type=1 insize=1237 outsize=344 kw= ok=1
Cmd: compileSnippet
  api=0 type=0 insize=2284 outsize=863 kw= ok=1
Cmd: compileSnippet
  api=0 type=1 insize=2284 outsize=829 kw= ok=1
Cmd: compileSnippet
  api=0 type=0 insize=882 outsize=360 kw= ok=1
Cmd: compileSnippet
  api=0 type=1 insize=882 outsize=143 kw= ok=1
Cmd: compileSnippet
  api=0 type=0 insize=1051 outsize=360 kw= ok=1
Cmd: compileSnippet
  api=0 type=1 insize=1051 outsize=429 kw= ok=1
Cmd: compileSnippet
  api=0 type=0 insize=1917 outsize=660 kw= ok=1
Cmd: compileSnippet
  api=0 type=1 insize=1917 outsize=709 kw= ok=1
